#! /c/Source/iverilog-install/bin/vvp
:ivl_version "12.0 (devel)" "(s20150603-1110-g18392a46)";
:ivl_delay_selection "TYPICAL";
:vpi_time_precision + 0;
:vpi_module "C:\iverilog\lib\ivl\system.vpi";
:vpi_module "C:\iverilog\lib\ivl\vhdl_sys.vpi";
:vpi_module "C:\iverilog\lib\ivl\vhdl_textio.vpi";
:vpi_module "C:\iverilog\lib\ivl\v2005_math.vpi";
:vpi_module "C:\iverilog\lib\ivl\va_math.vpi";
S_000002b80fa6e7d0 .scope module, "ripadd_tb" "ripadd_tb" 2 1;
 .timescale 0 0;
v000002b80fb156a0_0 .var "a", 3 0;
v000002b80fb15740_0 .var "b", 3 0;
v000002b80fb15880_0 .var "cin", 0 0;
v000002b80fb15920_0 .net "sum", 4 0, L_000002b80fb1a480;  1 drivers
S_000002b80fa6e960 .scope module, "ins1" "ripadd" 2 7, 3 1 0, S_000002b80fa6e7d0;
 .timescale 0 0;
    .port_info 0 /INPUT 4 "a";
    .port_info 1 /INPUT 4 "b";
    .port_info 2 /INPUT 1 "cin";
    .port_info 3 /OUTPUT 5 "sum";
v000002b80fb16e60_0 .net "a", 3 0, v000002b80fb156a0_0;  1 drivers
v000002b80fb16f00_0 .net "b", 3 0, v000002b80fb15740_0;  1 drivers
v000002b80fb17400_0 .net "cin", 0 0, v000002b80fb15880_0;  1 drivers
v000002b80fb15a60_0 .net "sum", 4 0, L_000002b80fb1a480;  alias, 1 drivers
v000002b80fb15560_0 .net "w1", 0 0, L_000002b80faae8d0;  1 drivers
v000002b80fb15c40_0 .net "w2", 0 0, L_000002b80faaec50;  1 drivers
v000002b80fb15600_0 .net "w3", 0 0, L_000002b80faaee10;  1 drivers
L_000002b80fb15d80 .part v000002b80fb156a0_0, 0, 1;
L_000002b80fb15ce0 .part v000002b80fb15740_0, 0, 1;
L_000002b80fb1aa20 .part v000002b80fb156a0_0, 1, 1;
L_000002b80fb19f80 .part v000002b80fb15740_0, 1, 1;
L_000002b80fb198a0 .part v000002b80fb156a0_0, 2, 1;
L_000002b80fb1a3e0 .part v000002b80fb15740_0, 2, 1;
L_000002b80fb196c0 .part v000002b80fb156a0_0, 3, 1;
L_000002b80fb19620 .part v000002b80fb15740_0, 3, 1;
LS_000002b80fb1a480_0_0 .concat8 [ 1 1 1 1], L_000002b80faaea20, L_000002b80faae9b0, L_000002b80faaf190, L_000002b80faaf270;
LS_000002b80fb1a480_0_4 .concat8 [ 1 0 0 0], L_000002b80fb1cd10;
L_000002b80fb1a480 .concat8 [ 4 1 0 0], LS_000002b80fb1a480_0_0, LS_000002b80fb1a480_0_4;
S_000002b80fa6eaf0 .scope module, "layer1" "add1" 3 9, 3 17 0, S_000002b80fa6e960;
 .timescale 0 0;
    .port_info 0 /INPUT 1 "a";
    .port_info 1 /INPUT 1 "b";
    .port_info 2 /INPUT 1 "cin";
    .port_info 3 /OUTPUT 1 "sum";
    .port_info 4 /OUTPUT 1 "carry";
L_000002b80faae860 .functor XOR 1, L_000002b80fb15d80, L_000002b80fb15ce0, C4<0>, C4<0>;
L_000002b80faaea20 .functor XOR 1, L_000002b80faae860, v000002b80fb15880_0, C4<0>, C4<0>;
L_000002b80faaebe0 .functor AND 1, L_000002b80fb15d80, L_000002b80fb15ce0, C4<1>, C4<1>;
L_000002b80faaefd0 .functor AND 1, L_000002b80fb15ce0, v000002b80fb15880_0, C4<1>, C4<1>;
L_000002b80faaf5f0 .functor OR 1, L_000002b80faaebe0, L_000002b80faaefd0, C4<0>, C4<0>;
L_000002b80faae7f0 .functor AND 1, L_000002b80fb15d80, v000002b80fb15880_0, C4<1>, C4<1>;
L_000002b80faae8d0 .functor OR 1, L_000002b80faaf5f0, L_000002b80faae7f0, C4<0>, C4<0>;
v000002b80faab820_0 .net *"_ivl_0", 0 0, L_000002b80faae860;  1 drivers
v000002b80faabd20_0 .net *"_ivl_10", 0 0, L_000002b80faae7f0;  1 drivers
v000002b80faab3c0_0 .net *"_ivl_4", 0 0, L_000002b80faaebe0;  1 drivers
v000002b80fb16000_0 .net *"_ivl_6", 0 0, L_000002b80faaefd0;  1 drivers
v000002b80fb163c0_0 .net *"_ivl_8", 0 0, L_000002b80faaf5f0;  1 drivers
v000002b80fb16140_0 .net "a", 0 0, L_000002b80fb15d80;  1 drivers
v000002b80fb16a00_0 .net "b", 0 0, L_000002b80fb15ce0;  1 drivers
v000002b80fb170e0_0 .net "carry", 0 0, L_000002b80faae8d0;  alias, 1 drivers
v000002b80fb15b00_0 .net "cin", 0 0, v000002b80fb15880_0;  alias, 1 drivers
v000002b80fb16500_0 .net "sum", 0 0, L_000002b80faaea20;  1 drivers
S_000002b80fa82ce0 .scope module, "layer2" "add1" 3 10, 3 17 0, S_000002b80fa6e960;
 .timescale 0 0;
    .port_info 0 /INPUT 1 "a";
    .port_info 1 /INPUT 1 "b";
    .port_info 2 /INPUT 1 "cin";
    .port_info 3 /OUTPUT 1 "sum";
    .port_info 4 /OUTPUT 1 "carry";
L_000002b80faae940 .functor XOR 1, L_000002b80fb1aa20, L_000002b80fb19f80, C4<0>, C4<0>;
L_000002b80faae9b0 .functor XOR 1, L_000002b80faae940, L_000002b80faae8d0, C4<0>, C4<0>;
L_000002b80faaeb00 .functor AND 1, L_000002b80fb1aa20, L_000002b80fb19f80, C4<1>, C4<1>;
L_000002b80faaf120 .functor AND 1, L_000002b80fb19f80, L_000002b80faae8d0, C4<1>, C4<1>;
L_000002b80faaeef0 .functor OR 1, L_000002b80faaeb00, L_000002b80faaf120, C4<0>, C4<0>;
L_000002b80faaeb70 .functor AND 1, L_000002b80fb1aa20, L_000002b80faae8d0, C4<1>, C4<1>;
L_000002b80faaec50 .functor OR 1, L_000002b80faaeef0, L_000002b80faaeb70, C4<0>, C4<0>;
v000002b80fb157e0_0 .net *"_ivl_0", 0 0, L_000002b80faae940;  1 drivers
v000002b80fb17040_0 .net *"_ivl_10", 0 0, L_000002b80faaeb70;  1 drivers
v000002b80fb15f60_0 .net *"_ivl_4", 0 0, L_000002b80faaeb00;  1 drivers
v000002b80fb16460_0 .net *"_ivl_6", 0 0, L_000002b80faaf120;  1 drivers
v000002b80fb159c0_0 .net *"_ivl_8", 0 0, L_000002b80faaeef0;  1 drivers
v000002b80fb15ba0_0 .net "a", 0 0, L_000002b80fb1aa20;  1 drivers
v000002b80fb16aa0_0 .net "b", 0 0, L_000002b80fb19f80;  1 drivers
v000002b80fb16b40_0 .net "carry", 0 0, L_000002b80faaec50;  alias, 1 drivers
v000002b80fb16be0_0 .net "cin", 0 0, L_000002b80faae8d0;  alias, 1 drivers
v000002b80fb165a0_0 .net "sum", 0 0, L_000002b80faae9b0;  1 drivers
S_000002b80fa82e70 .scope module, "layer3" "add1" 3 11, 3 17 0, S_000002b80fa6e960;
 .timescale 0 0;
    .port_info 0 /INPUT 1 "a";
    .port_info 1 /INPUT 1 "b";
    .port_info 2 /INPUT 1 "cin";
    .port_info 3 /OUTPUT 1 "sum";
    .port_info 4 /OUTPUT 1 "carry";
L_000002b80faaecc0 .functor XOR 1, L_000002b80fb198a0, L_000002b80fb1a3e0, C4<0>, C4<0>;
L_000002b80faaf190 .functor XOR 1, L_000002b80faaecc0, L_000002b80faaec50, C4<0>, C4<0>;
L_000002b80faaf200 .functor AND 1, L_000002b80fb198a0, L_000002b80fb1a3e0, C4<1>, C4<1>;
L_000002b80faaf0b0 .functor AND 1, L_000002b80fb1a3e0, L_000002b80faaec50, C4<1>, C4<1>;
L_000002b80faaed30 .functor OR 1, L_000002b80faaf200, L_000002b80faaf0b0, C4<0>, C4<0>;
L_000002b80faaeda0 .functor AND 1, L_000002b80fb198a0, L_000002b80faaec50, C4<1>, C4<1>;
L_000002b80faaee10 .functor OR 1, L_000002b80faaed30, L_000002b80faaeda0, C4<0>, C4<0>;
v000002b80fb17180_0 .net *"_ivl_0", 0 0, L_000002b80faaecc0;  1 drivers
v000002b80fb17220_0 .net *"_ivl_10", 0 0, L_000002b80faaeda0;  1 drivers
v000002b80fb160a0_0 .net *"_ivl_4", 0 0, L_000002b80faaf200;  1 drivers
v000002b80fb16c80_0 .net *"_ivl_6", 0 0, L_000002b80faaf0b0;  1 drivers
v000002b80fb16fa0_0 .net *"_ivl_8", 0 0, L_000002b80faaed30;  1 drivers
v000002b80fb161e0_0 .net "a", 0 0, L_000002b80fb198a0;  1 drivers
v000002b80fb16dc0_0 .net "b", 0 0, L_000002b80fb1a3e0;  1 drivers
v000002b80fb16780_0 .net "carry", 0 0, L_000002b80faaee10;  alias, 1 drivers
v000002b80fb16640_0 .net "cin", 0 0, L_000002b80faaec50;  alias, 1 drivers
v000002b80fb166e0_0 .net "sum", 0 0, L_000002b80faaf190;  1 drivers
S_000002b80fa83000 .scope module, "layer4" "add1" 3 12, 3 17 0, S_000002b80fa6e960;
 .timescale 0 0;
    .port_info 0 /INPUT 1 "a";
    .port_info 1 /INPUT 1 "b";
    .port_info 2 /INPUT 1 "cin";
    .port_info 3 /OUTPUT 1 "sum";
    .port_info 4 /OUTPUT 1 "carry";
L_000002b80faaef60 .functor XOR 1, L_000002b80fb196c0, L_000002b80fb19620, C4<0>, C4<0>;
L_000002b80faaf270 .functor XOR 1, L_000002b80faaef60, L_000002b80faaee10, C4<0>, C4<0>;
L_000002b80faaf2e0 .functor AND 1, L_000002b80fb196c0, L_000002b80fb19620, C4<1>, C4<1>;
L_000002b80faaf350 .functor AND 1, L_000002b80fb19620, L_000002b80faaee10, C4<1>, C4<1>;
L_000002b80fb1cbc0 .functor OR 1, L_000002b80faaf2e0, L_000002b80faaf350, C4<0>, C4<0>;
L_000002b80fb1ca70 .functor AND 1, L_000002b80fb196c0, L_000002b80faaee10, C4<1>, C4<1>;
L_000002b80fb1cd10 .functor OR 1, L_000002b80fb1cbc0, L_000002b80fb1ca70, C4<0>, C4<0>;
v000002b80fb16d20_0 .net *"_ivl_0", 0 0, L_000002b80faaef60;  1 drivers
v000002b80fb16280_0 .net *"_ivl_10", 0 0, L_000002b80fb1ca70;  1 drivers
v000002b80fb16320_0 .net *"_ivl_4", 0 0, L_000002b80faaf2e0;  1 drivers
v000002b80fb16820_0 .net *"_ivl_6", 0 0, L_000002b80faaf350;  1 drivers
v000002b80fb15ec0_0 .net *"_ivl_8", 0 0, L_000002b80fb1cbc0;  1 drivers
v000002b80fb17360_0 .net "a", 0 0, L_000002b80fb196c0;  1 drivers
v000002b80fb172c0_0 .net "b", 0 0, L_000002b80fb19620;  1 drivers
v000002b80fb15e20_0 .net "carry", 0 0, L_000002b80fb1cd10;  1 drivers
v000002b80fb168c0_0 .net "cin", 0 0, L_000002b80faaee10;  alias, 1 drivers
v000002b80fb16960_0 .net "sum", 0 0, L_000002b80faaf270;  1 drivers
    .scope S_000002b80fa6e7d0;
T_0 ;
    %pushi/vec4 0, 0, 4;
    %store/vec4 v000002b80fb156a0_0, 0, 4;
    %pushi/vec4 0, 0, 4;
    %store/vec4 v000002b80fb15740_0, 0, 4;
    %pushi/vec4 0, 0, 1;
    %store/vec4 v000002b80fb15880_0, 0, 1;
    %delay 10, 0;
    %pushi/vec4 1, 0, 4;
    %store/vec4 v000002b80fb156a0_0, 0, 4;
    %pushi/vec4 1, 0, 4;
    %store/vec4 v000002b80fb15740_0, 0, 4;
    %pushi/vec4 0, 0, 1;
    %store/vec4 v000002b80fb15880_0, 0, 1;
    %delay 10, 0;
    %pushi/vec4 7, 0, 4;
    %store/vec4 v000002b80fb156a0_0, 0, 4;
    %pushi/vec4 8, 0, 4;
    %store/vec4 v000002b80fb15740_0, 0, 4;
    %pushi/vec4 0, 0, 1;
    %store/vec4 v000002b80fb15880_0, 0, 1;
    %delay 10, 0;
    %pushi/vec4 3, 0, 4;
    %store/vec4 v000002b80fb156a0_0, 0, 4;
    %pushi/vec4 5, 0, 4;
    %store/vec4 v000002b80fb15740_0, 0, 4;
    %pushi/vec4 1, 0, 1;
    %store/vec4 v000002b80fb15880_0, 0, 1;
    %delay 10, 0;
    %pushi/vec4 10, 0, 4;
    %store/vec4 v000002b80fb156a0_0, 0, 4;
    %pushi/vec4 9, 0, 4;
    %store/vec4 v000002b80fb15740_0, 0, 4;
    %pushi/vec4 0, 0, 1;
    %store/vec4 v000002b80fb15880_0, 0, 1;
    %delay 10, 0;
    %pushi/vec4 10, 0, 4;
    %store/vec4 v000002b80fb156a0_0, 0, 4;
    %pushi/vec4 9, 0, 4;
    %store/vec4 v000002b80fb15740_0, 0, 4;
    %pushi/vec4 1, 0, 1;
    %store/vec4 v000002b80fb15880_0, 0, 1;
    %delay 10, 0;
    %pushi/vec4 15, 0, 4;
    %store/vec4 v000002b80fb156a0_0, 0, 4;
    %pushi/vec4 15, 0, 4;
    %store/vec4 v000002b80fb15740_0, 0, 4;
    %pushi/vec4 0, 0, 1;
    %store/vec4 v000002b80fb15880_0, 0, 1;
    %delay 10, 0;
    %pushi/vec4 15, 0, 4;
    %store/vec4 v000002b80fb156a0_0, 0, 4;
    %pushi/vec4 15, 0, 4;
    %store/vec4 v000002b80fb15740_0, 0, 4;
    %pushi/vec4 1, 0, 1;
    %store/vec4 v000002b80fb15880_0, 0, 1;
    %delay 10, 0;
    %vpi_call 2 19 "$finish" {0 0 0};
    %end;
    .thread T_0;
    .scope S_000002b80fa6e7d0;
T_1 ;
    %vpi_call 2 23 "$monitor", "t=%0t | a=%b b=%b cin=%b | sum=%b", $time, v000002b80fb156a0_0, v000002b80fb15740_0, v000002b80fb15880_0, v000002b80fb15920_0 {0 0 0};
    %end;
    .thread T_1;
    .scope S_000002b80fa6e7d0;
T_2 ;
    %vpi_call 2 27 "$dumpfile", "wave.vcd" {0 0 0};
    %vpi_call 2 28 "$dumpvars", 32'sb00000000000000000000000000000000, S_000002b80fa6e7d0 {0 0 0};
    %end;
    .thread T_2;
# The file index is used to find the file name in the following table.
:file_names 4;
    "N/A";
    "<interactive>";
    "ripadd_tb.v";
    "ripadd.v";
